[==========] Running 10 tests from 1 test suite.
[----------] Global test environment set-up.
[----------] 10 tests from string_map_test
[ RUN      ] string_map_test.vacio
[       OK ] string_map_test.vacio (11 ms)
[ RUN      ] string_map_test.asignar
[       OK ] string_map_test.asignar (19 ms)
[ RUN      ] string_map_test.obtener
[       OK ] string_map_test.obtener (17 ms)
[ RUN      ] string_map_test.redefinir
[       OK ] string_map_test.redefinir (8 ms)
[ RUN      ] string_map_test.count
[       OK ] string_map_test.count (24 ms)
[ RUN      ] string_map_test.copiar
[       OK ] string_map_test.copiar (37 ms)
[ RUN      ] string_map_test.no_aliasing
[       OK ] string_map_test.no_aliasing (5 ms)
[ RUN      ] string_map_test.TrieDeTries
[       OK ] string_map_test.TrieDeTries (54 ms)
[ RUN      ] string_map_test.eraseUnicaClave
[       OK ] string_map_test.eraseUnicaClave (19 ms)
[ RUN      ] string_map_test.erase
[       OK ] string_map_test.erase (21 ms)
[----------] 10 tests from string_map_test (224 ms total)

[----------] Global test environment tear-down
[==========] 10 tests from 1 test suite ran. (268 ms total)
[  PASSED  ] 10 tests.
